<?xml version="1.0" encoding="UTF-8"?>
<!-- Generated by org.testng.reporters.JUnitXMLReporter -->
<testsuite hostname="DESKTOP-5J639TU" name="Test1" tests="5" failures="0" timestamp="25 Jun 2017 15:50:10 GMT" time="0.06" errors="0">
  <testcase name="createFileTest" time="0.002" classname="ru.task1.TestCreateFile"/>
  <testcase name="negativeTest1" time="0.001" classname="ru.task1.TestCreateFile"/>
  <testcase name="negativeTest2" time="0.002" classname="ru.task1.TestCreateFile"/>
  <testcase name="testEmpty" time="0.001" classname="ru.task1.TestCreateFile"/>
  <testcase name="negativeMock" time="0.0" classname="ru.task1.TestNGMock"/>
</testsuite> <!-- Test1 -->
