<?xml version="1.0" encoding="UTF-8"?>
<!-- Generated by org.testng.reporters.JUnitXMLReporter -->
<testsuite hostname="DESKTOP-5J639TU" name="Test2" tests="7" failures="0" timestamp="25 Jun 2017 15:51:18 GMT" time="0.091" errors="0">
  <testcase name="createFileTest" time="0.013" classname="ru.task1.TestCreateFile"/>
  <testcase name="negativeTest1" time="0.001" classname="ru.task1.TestCreateFile"/>
  <testcase name="negativeTest2" time="0.001" classname="ru.task1.TestCreateFile"/>
  <testcase name="testEmpty" time="0.001" classname="ru.task1.TestCreateFile"/>
  <testcase name="weirdLegalname" time="0.001" classname="ru.task1.TestCreateFile"/>
  <testcase name="negativeMock" time="0.0" classname="ru.task1.TestNGMock"/>
  <testcase name="positiveMock" time="0.001" classname="ru.task1.TestNGMock"/>
</testsuite> <!-- Test2 -->
